2017-08-24 08:45:13,789 [Worker-2] INFO  c.g.t.t.d.PublishedGradleVersions - Gradle version information cache is up-to-date. Trying to read.
2017-08-24 20:47:36,484 [Worker-9] INFO  c.g.t.t.d.PublishedGradleVersions - Gradle version information cache is up-to-date. Trying to read.
2017-08-25 08:29:33,206 [Worker-2] INFO  c.g.t.t.d.PublishedGradleVersions - Gradle version information cache is up-to-date. Trying to read.
2017-08-28 08:32:28,630 [Worker-2] INFO  c.g.t.t.d.PublishedGradleVersions - Gradle version information cache is out-of-date. Trying to update.
2017-08-28 15:07:54,301 [Worker-7] INFO  c.g.t.t.d.PublishedGradleVersions - Gradle version information cache is out-of-date. Trying to update.
2017-08-31 12:47:18,865 [Worker-5] INFO  c.g.t.t.d.PublishedGradleVersions - Gradle version information cache is out-of-date. Trying to update.
2017-09-21 20:58:51,486 [Worker-5] INFO  c.g.t.t.d.PublishedGradleVersions - Gradle version information cache is out-of-date. Trying to update.
2017-09-21 21:04:40,463 [Start Help Server] INFO  org.eclipse.jetty.util.log - Logging initialized @374803ms to org.eclipse.jetty.util.log.Slf4jLog
2017-09-21 21:04:40,738 [Start Help Server] INFO  org.eclipse.jetty.server.Server - jetty-9.4.5.v20170502
2017-09-21 21:04:40,777 [Start Help Server] INFO  org.eclipse.jetty.server.session - DefaultSessionIdManager workerName=node0
2017-09-21 21:04:40,777 [Start Help Server] INFO  org.eclipse.jetty.server.session - No SessionScavenger set, using defaults
2017-09-21 21:04:40,780 [Start Help Server] INFO  org.eclipse.jetty.server.session - Scavenging every 600000ms
2017-09-21 21:04:40,847 [Start Help Server] INFO  o.e.j.server.handler.ContextHandler - Started o.e.j.s.ServletContextHandler@11d2cbcb{/help,null,AVAILABLE}
2017-09-21 21:04:40,876 [Start Help Server] INFO  o.e.jetty.server.AbstractConnector - Started ServerConnector@72f91fe3{HTTP/1.1,[http/1.1]}{127.0.0.1:50763}
2017-09-21 21:04:40,878 [Start Help Server] INFO  org.eclipse.jetty.server.Server - Started @375219ms
2017-09-21 21:07:35,810 [Stop Help Server] INFO  o.e.jetty.server.AbstractConnector - Stopped ServerConnector@72f91fe3{HTTP/1.1,[http/1.1]}{127.0.0.1:0}
2017-09-21 21:07:35,811 [Stop Help Server] INFO  org.eclipse.jetty.server.session - Stopped scavenging
2017-09-21 21:07:35,823 [Stop Help Server] INFO  o.e.j.server.handler.ContextHandler - Stopped o.e.j.s.ServletContextHandler@11d2cbcb{/help,null,UNAVAILABLE}
2017-09-21 21:10:27,159 [Worker-2] INFO  c.g.t.t.d.PublishedGradleVersions - Gradle version information cache is up-to-date. Trying to read.
2017-09-21 21:14:14,342 [Worker-5] INFO  c.g.t.t.d.PublishedGradleVersions - Gradle version information cache is up-to-date. Trying to read.
2017-09-21 21:18:41,536 [Worker-0] INFO  c.g.t.t.d.PublishedGradleVersions - Gradle version information cache is up-to-date. Trying to read.
2017-09-21 21:23:15,037 [Worker-0] INFO  c.g.t.t.d.PublishedGradleVersions - Gradle version information cache is up-to-date. Trying to read.
2017-09-21 21:38:44,759 [Worker-4] INFO  c.g.t.t.d.PublishedGradleVersions - Gradle version information cache is up-to-date. Trying to read.
2017-09-21 21:40:11,195 [Worker-5] INFO  c.g.t.t.d.PublishedGradleVersions - Gradle version information cache is up-to-date. Trying to read.
2017-09-21 21:41:48,601 [Worker-0] INFO  c.g.t.t.d.PublishedGradleVersions - Gradle version information cache is up-to-date. Trying to read.
2017-10-02 18:31:00,137 [Worker-1] INFO  c.g.t.t.d.PublishedGradleVersions - Gradle version information cache is out-of-date. Trying to update.
2017-10-03 08:22:54,869 [Worker-2] INFO  c.g.t.t.d.PublishedGradleVersions - Gradle version information cache is up-to-date. Trying to read.
